<?xml version="1.0" encoding="UTF-8"?>
<testng-results skipped="0" failed="1" ignored="0" total="2" passed="1">
  <reporter-output>
  </reporter-output>
  <suite name="Suite" duration-ms="9958" started-at="2021-04-08T14:32:48 IST" finished-at="2021-04-08T14:32:58 IST">
    <groups>
    </groups>
    <test name="Test" duration-ms="9958" started-at="2021-04-08T14:32:48 IST" finished-at="2021-04-08T14:32:58 IST">
      <class name="com.htc.madison.tests.LoginTest">
        <test-method status="PASS" signature="start(java.lang.String)[pri:0, instance:com.htc.madison.tests.LoginTest@7181ae3f]" name="start" is-config="true" duration-ms="7343" started-at="2021-04-08T14:32:41 IST" finished-at="2021-04-08T14:32:48 IST">
          <params>
            <param index="0">
              <value>
                <![CDATA[chrome]]>
              </value>
            </param>
          </params>
          <reporter-output>
          </reporter-output>
        </test-method> <!-- start -->
        <test-method status="PASS" signature="browserSetup()[pri:0, instance:com.htc.madison.tests.LoginTest@7181ae3f]" name="browserSetup" is-config="true" duration-ms="104" started-at="2021-04-08T14:32:48 IST" finished-at="2021-04-08T14:32:48 IST">
          <reporter-output>
          </reporter-output>
        </test-method> <!-- browserSetup -->
        <test-method status="PASS" signature="Valid_And_Invalid_Login(java.util.Map)[pri:0, instance:com.htc.madison.tests.LoginTest@7181ae3f]" name="Valid_And_Invalid_Login" duration-ms="4790" started-at="2021-04-08T14:32:50 IST" data-provider="Madison" finished-at="2021-04-08T14:32:54 IST">
          <params>
            <param index="0">
              <value>
                <![CDATA[{password=qwerty@123, emailid=anonymousghost1996231234@gmail.com, assert=MY DASHBOARD}]]>
              </value>
            </param>
          </params>
          <reporter-output>
          </reporter-output>
        </test-method> <!-- Valid_And_Invalid_Login -->
        <test-method status="PASS" signature="doLogout(org.testng.ITestResult)[pri:0, instance:com.htc.madison.tests.LoginTest@7181ae3f]" name="doLogout" is-config="true" duration-ms="819" started-at="2021-04-08T14:32:55 IST" finished-at="2021-04-08T14:32:56 IST">
          <params>
            <param index="0">
              <value>
                <![CDATA[[TestResult name=Valid_And_Invalid_Login status=SUCCESS method=LoginTest.Valid_And_Invalid_Login(java.util.Map)[pri:0, instance:com.htc.madison.tests.LoginTest@7181ae3f] output={null}]]]>
              </value>
            </param>
          </params>
          <reporter-output>
          </reporter-output>
        </test-method> <!-- doLogout -->
        <test-method status="FAIL" signature="Valid_And_Invalid_Login(java.util.Map)[pri:0, instance:com.htc.madison.tests.LoginTest@7181ae3f]" name="Valid_And_Invalid_Login" duration-ms="1991" started-at="2021-04-08T14:32:56 IST" data-provider="Madison" finished-at="2021-04-08T14:32:58 IST">
          <params>
            <param index="0">
              <value>
                <![CDATA[{password=tets123, emailid=test09@gmail.com, assert=My DASHBOARD}]]>
              </value>
            </param>
          </params>
          <exception class="java.lang.AssertionError">
            <message>
              <![CDATA[expected [My DASHBOARD] but found [LOGIN OR CREATE AN ACCOUNT]]]>
            </message>
            <full-stacktrace>
              <![CDATA[java.lang.AssertionError: expected [My DASHBOARD] but found [LOGIN OR CREATE AN ACCOUNT]
at org.testng.Assert.fail(Assert.java:99)
at org.testng.Assert.failNotEquals(Assert.java:1037)
at org.testng.Assert.assertEqualsImpl(Assert.java:140)
at org.testng.Assert.assertEquals(Assert.java:122)
at org.testng.Assert.assertEquals(Assert.java:629)
at org.testng.Assert.assertEquals(Assert.java:639)
at com.htc.madison.tests.LoginTest.Valid_And_Invalid_Login(LoginTest.java:17)
at sun.reflect.NativeMethodAccessorImpl.invoke0(Native Method)
at sun.reflect.NativeMethodAccessorImpl.invoke(NativeMethodAccessorImpl.java:62)
at sun.reflect.DelegatingMethodAccessorImpl.invoke(DelegatingMethodAccessorImpl.java:43)
at java.lang.reflect.Method.invoke(Method.java:498)
at org.testng.internal.MethodInvocationHelper.invokeMethod(MethodInvocationHelper.java:132)
at org.testng.internal.TestInvoker.invokeMethod(TestInvoker.java:599)
at org.testng.internal.TestInvoker.invokeTestMethod(TestInvoker.java:174)
at org.testng.internal.MethodRunner.runInSequence(MethodRunner.java:46)
at org.testng.internal.TestInvoker$MethodInvocationAgent.invoke(TestInvoker.java:822)
at org.testng.internal.TestInvoker.invokeTestMethods(TestInvoker.java:147)
at org.testng.internal.TestMethodWorker.invokeTestMethods(TestMethodWorker.java:146)
at org.testng.internal.TestMethodWorker.run(TestMethodWorker.java:128)
at java.util.ArrayList.forEach(ArrayList.java:1259)
at org.testng.TestRunner.privateRun(TestRunner.java:764)
at org.testng.TestRunner.run(TestRunner.java:585)
at org.testng.SuiteRunner.runTest(SuiteRunner.java:384)
at org.testng.SuiteRunner.runSequentially(SuiteRunner.java:378)
at org.testng.SuiteRunner.privateRun(SuiteRunner.java:337)
at org.testng.SuiteRunner.run(SuiteRunner.java:286)
at org.testng.SuiteRunnerWorker.runSuite(SuiteRunnerWorker.java:53)
at org.testng.SuiteRunnerWorker.run(SuiteRunnerWorker.java:96)
at org.testng.TestNG.runSuitesSequentially(TestNG.java:1218)
at org.testng.TestNG.runSuitesLocally(TestNG.java:1140)
at org.testng.TestNG.runSuites(TestNG.java:1069)
at org.testng.TestNG.run(TestNG.java:1037)
at org.testng.remote.AbstractRemoteTestNG.run(AbstractRemoteTestNG.java:115)
at org.testng.remote.RemoteTestNG.initAndRun(RemoteTestNG.java:251)
at org.testng.remote.RemoteTestNG.main(RemoteTestNG.java:77)
]]>
            </full-stacktrace>
          </exception> <!-- java.lang.AssertionError -->
          <reporter-output>
          </reporter-output>
        </test-method> <!-- Valid_And_Invalid_Login -->
        <test-method status="PASS" signature="doLogout(org.testng.ITestResult)[pri:0, instance:com.htc.madison.tests.LoginTest@7181ae3f]" name="doLogout" is-config="true" duration-ms="1" started-at="2021-04-08T14:32:58 IST" finished-at="2021-04-08T14:32:58 IST">
          <params>
            <param index="0">
              <value>
                <![CDATA[[TestResult name=Valid_And_Invalid_Login status=FAILURE method=LoginTest.Valid_And_Invalid_Login(java.util.Map)[pri:0, instance:com.htc.madison.tests.LoginTest@7181ae3f] output={null}]]]>
              </value>
            </param>
          </params>
          <reporter-output>
          </reporter-output>
        </test-method> <!-- doLogout -->
      </class> <!-- com.htc.madison.tests.LoginTest -->
    </test> <!-- Test -->
  </suite> <!-- Suite -->
</testng-results>
